Find a number position 0 2
Checking Possibilities of 1 in position 0 2
Checking Possibilities of 2 in position 0 2
Checking Possibilities of 3 in position 0 2
Found 3 in position 0 2
Find a number position 0 4
Checking Possibilities of 1 in position 0 4
Checking Possibilities of 2 in position 0 4
Checking Possibilities of 3 in position 0 4
Checking Possibilities of 4 in position 0 4
Checking Possibilities of 5 in position 0 4
Checking Possibilities of 6 in position 0 4
Checking Possibilities of 7 in position 0 4
Checking Possibilities of 8 in position 0 4
Checking Possibilities of 9 in position 0 4
Found 9 in position 0 4
Find a number position 0 5
Checking Possibilities of 1 in position 0 5
Checking Possibilities of 2 in position 0 5
Checking Possibilities of 3 in position 0 5
Checking Possibilities of 4 in position 0 5
Checking Possibilities of 5 in position 0 5
Checking Possibilities of 6 in position 0 5
Checking Possibilities of 7 in position 0 5
Checking Possibilities of 8 in position 0 5
Checking Possibilities of 9 in position 0 5
Checking Possibilities of 4 in position 0 2
Checking Possibilities of 5 in position 0 2
Found 5 in position 0 2
Find a number position 0 4
Checking Possibilities of 1 in position 0 4
Checking Possibilities of 2 in position 0 4
Checking Possibilities of 3 in position 0 4
Found 3 in position 0 4
Find a number position 0 5
Checking Possibilities of 1 in position 0 5
Checking Possibilities of 2 in position 0 5
Checking Possibilities of 3 in position 0 5
Checking Possibilities of 4 in position 0 5
Checking Possibilities of 5 in position 0 5
Checking Possibilities of 6 in position 0 5
Checking Possibilities of 7 in position 0 5
Checking Possibilities of 8 in position 0 5
Checking Possibilities of 9 in position 0 5
Found 9 in position 0 5
Find a number position 0 8
Checking Possibilities of 1 in position 0 8
Checking Possibilities of 2 in position 0 8
Checking Possibilities of 3 in position 0 8
Checking Possibilities of 4 in position 0 8
Checking Possibilities of 5 in position 0 8
Checking Possibilities of 6 in position 0 8
Found 6 in position 0 8
Find a number position 1 1
Checking Possibilities of 1 in position 1 1
Found 1 in position 1 1
Find a number position 1 2
Checking Possibilities of 1 in position 1 2
Checking Possibilities of 2 in position 1 2
Found 2 in position 1 2
Find a number position 1 3
Checking Possibilities of 1 in position 1 3
Checking Possibilities of 2 in position 1 3
Checking Possibilities of 3 in position 1 3
Checking Possibilities of 4 in position 1 3
Checking Possibilities of 5 in position 1 3
Checking Possibilities of 6 in position 1 3
Checking Possibilities of 7 in position 1 3
Checking Possibilities of 8 in position 1 3
Found 8 in position 1 3
Find a number position 1 6
Checking Possibilities of 1 in position 1 6
Checking Possibilities of 2 in position 1 6
Checking Possibilities of 3 in position 1 6
Found 3 in position 1 6
Find a number position 1 7
Checking Possibilities of 1 in position 1 7
Checking Possibilities of 2 in position 1 7
Checking Possibilities of 3 in position 1 7
Checking Possibilities of 4 in position 1 7
Found 4 in position 1 7
Find a number position 2 0
Checking Possibilities of 1 in position 2 0
Checking Possibilities of 2 in position 2 0
Checking Possibilities of 3 in position 2 0
Found 3 in position 2 0
Find a number position 2 1
Checking Possibilities of 1 in position 2 1
Checking Possibilities of 2 in position 2 1
Checking Possibilities of 3 in position 2 1
Checking Possibilities of 4 in position 2 1
Checking Possibilities of 5 in position 2 1
Checking Possibilities of 6 in position 2 1
Checking Possibilities of 7 in position 2 1
Checking Possibilities of 8 in position 2 1
Checking Possibilities of 9 in position 2 1
Found 9 in position 2 1
Find a number position 2 2
Checking Possibilities of 1 in position 2 2
Checking Possibilities of 2 in position 2 2
Checking Possibilities of 3 in position 2 2
Checking Possibilities of 4 in position 2 2
Checking Possibilities of 5 in position 2 2
Checking Possibilities of 6 in position 2 2
Checking Possibilities of 7 in position 2 2
Checking Possibilities of 8 in position 2 2
Checking Possibilities of 9 in position 2 2
Checking Possibilities of 4 in position 2 0
Found 4 in position 2 0
Find a number position 2 1
Checking Possibilities of 1 in position 2 1
Checking Possibilities of 2 in position 2 1
Checking Possibilities of 3 in position 2 1
Found 3 in position 2 1
Find a number position 2 2
Checking Possibilities of 1 in position 2 2
Checking Possibilities of 2 in position 2 2
Checking Possibilities of 3 in position 2 2
Checking Possibilities of 4 in position 2 2
Checking Possibilities of 5 in position 2 2
Checking Possibilities of 6 in position 2 2
Checking Possibilities of 7 in position 2 2
Checking Possibilities of 8 in position 2 2
Checking Possibilities of 9 in position 2 2
Checking Possibilities of 4 in position 2 1
Checking Possibilities of 5 in position 2 1
Checking Possibilities of 6 in position 2 1
Checking Possibilities of 7 in position 2 1
Checking Possibilities of 8 in position 2 1
Checking Possibilities of 9 in position 2 1
Found 9 in position 2 1
Find a number position 2 2
Checking Possibilities of 1 in position 2 2
Checking Possibilities of 2 in position 2 2
Checking Possibilities of 3 in position 2 2
Found 3 in position 2 2
Find a number position 2 4
Checking Possibilities of 1 in position 2 4
Checking Possibilities of 2 in position 2 4
Found 2 in position 2 4
Find a number position 2 6
Checking Possibilities of 1 in position 2 6
Checking Possibilities of 2 in position 2 6
Checking Possibilities of 3 in position 2 6
Checking Possibilities of 4 in position 2 6
Checking Possibilities of 5 in position 2 6
Found 5 in position 2 6
Find a number position 3 0
Checking Possibilities of 1 in position 3 0
Checking Possibilities of 2 in position 3 0
Checking Possibilities of 3 in position 3 0
Found 3 in position 3 0
Find a number position 3 1
Checking Possibilities of 1 in position 3 1
Checking Possibilities of 2 in position 3 1
Checking Possibilities of 3 in position 3 1
Checking Possibilities of 4 in position 3 1
Checking Possibilities of 5 in position 3 1
Found 5 in position 3 1
Find a number position 3 3
Checking Possibilities of 1 in position 3 3
Found 1 in position 3 3
Find a number position 3 5
Checking Possibilities of 1 in position 3 5
Checking Possibilities of 2 in position 3 5
Checking Possibilities of 3 in position 3 5
Checking Possibilities of 4 in position 3 5
Checking Possibilities of 5 in position 3 5
Checking Possibilities of 6 in position 3 5
Checking Possibilities of 7 in position 3 5
Checking Possibilities of 8 in position 3 5
Found 8 in position 3 5
Find a number position 3 8
Checking Possibilities of 1 in position 3 8
Checking Possibilities of 2 in position 3 8
Checking Possibilities of 3 in position 3 8
Checking Possibilities of 4 in position 3 8
Checking Possibilities of 5 in position 3 8
Checking Possibilities of 6 in position 3 8
Checking Possibilities of 7 in position 3 8
Checking Possibilities of 8 in position 3 8
Checking Possibilities of 9 in position 3 8
Checking Possibilities of 9 in position 3 5
Checking Possibilities of 2 in position 3 3
Checking Possibilities of 3 in position 3 3
Checking Possibilities of 4 in position 3 3
Checking Possibilities of 5 in position 3 3
Checking Possibilities of 6 in position 3 3
Checking Possibilities of 7 in position 3 3
Checking Possibilities of 8 in position 3 3
Checking Possibilities of 9 in position 3 3
Found 9 in position 3 3
Find a number position 3 5
Checking Possibilities of 1 in position 3 5
Checking Possibilities of 2 in position 3 5
Checking Possibilities of 3 in position 3 5
Checking Possibilities of 4 in position 3 5
Checking Possibilities of 5 in position 3 5
Checking Possibilities of 6 in position 3 5
Checking Possibilities of 7 in position 3 5
Checking Possibilities of 8 in position 3 5
Found 8 in position 3 5
Find a number position 3 8
Checking Possibilities of 1 in position 3 8
Found 1 in position 3 8
Find a number position 4 0
Checking Possibilities of 1 in position 4 0
Checking Possibilities of 2 in position 4 0
Found 2 in position 4 0
Find a number position 4 1
Checking Possibilities of 1 in position 4 1
Checking Possibilities of 2 in position 4 1
Checking Possibilities of 3 in position 4 1
Checking Possibilities of 4 in position 4 1
Checking Possibilities of 5 in position 4 1
Checking Possibilities of 6 in position 4 1
Found 6 in position 4 1
Find a number position 4 3
Checking Possibilities of 1 in position 4 3
Checking Possibilities of 2 in position 4 3
Checking Possibilities of 3 in position 4 3
Checking Possibilities of 4 in position 4 3
Checking Possibilities of 5 in position 4 3
Checking Possibilities of 6 in position 4 3
Checking Possibilities of 7 in position 4 3
Found 7 in position 4 3
Find a number position 4 5
Checking Possibilities of 1 in position 4 5
Checking Possibilities of 2 in position 4 5
Checking Possibilities of 3 in position 4 5
Checking Possibilities of 4 in position 4 5
Checking Possibilities of 5 in position 4 5
Checking Possibilities of 6 in position 4 5
Checking Possibilities of 7 in position 4 5
Checking Possibilities of 8 in position 4 5
Checking Possibilities of 9 in position 4 5
Checking Possibilities of 8 in position 4 3
Checking Possibilities of 9 in position 4 3
Checking Possibilities of 7 in position 4 1
Checking Possibilities of 8 in position 4 1
Checking Possibilities of 9 in position 4 1
Checking Possibilities of 3 in position 4 0
Checking Possibilities of 4 in position 4 0
Checking Possibilities of 5 in position 4 0
Checking Possibilities of 6 in position 4 0
Checking Possibilities of 7 in position 4 0
Checking Possibilities of 8 in position 4 0
Found 8 in position 4 0
Find a number position 4 1
Checking Possibilities of 1 in position 4 1
Checking Possibilities of 2 in position 4 1
Checking Possibilities of 3 in position 4 1
Checking Possibilities of 4 in position 4 1
Checking Possibilities of 5 in position 4 1
Checking Possibilities of 6 in position 4 1
Found 6 in position 4 1
Find a number position 4 3
Checking Possibilities of 1 in position 4 3
Checking Possibilities of 2 in position 4 3
Checking Possibilities of 3 in position 4 3
Checking Possibilities of 4 in position 4 3
Checking Possibilities of 5 in position 4 3
Checking Possibilities of 6 in position 4 3
Checking Possibilities of 7 in position 4 3
Found 7 in position 4 3
Find a number position 4 5
Checking Possibilities of 1 in position 4 5
Checking Possibilities of 2 in position 4 5
Found 2 in position 4 5
Find a number position 4 8
Checking Possibilities of 1 in position 4 8
Checking Possibilities of 2 in position 4 8
Checking Possibilities of 3 in position 4 8
Checking Possibilities of 4 in position 4 8
Found 4 in position 4 8
Find a number position 5 1
Checking Possibilities of 1 in position 5 1
Checking Possibilities of 2 in position 5 1
Checking Possibilities of 3 in position 5 1
Checking Possibilities of 4 in position 5 1
Checking Possibilities of 5 in position 5 1
Checking Possibilities of 6 in position 5 1
Checking Possibilities of 7 in position 5 1
Checking Possibilities of 8 in position 5 1
Checking Possibilities of 9 in position 5 1
Checking Possibilities of 5 in position 4 8
Checking Possibilities of 6 in position 4 8
Checking Possibilities of 7 in position 4 8
Checking Possibilities of 8 in position 4 8
Checking Possibilities of 9 in position 4 8
Checking Possibilities of 3 in position 4 5
Checking Possibilities of 4 in position 4 5
Checking Possibilities of 5 in position 4 5
Checking Possibilities of 6 in position 4 5
Checking Possibilities of 7 in position 4 5
Checking Possibilities of 8 in position 4 5
Checking Possibilities of 9 in position 4 5
Checking Possibilities of 8 in position 4 3
Checking Possibilities of 9 in position 4 3
Checking Possibilities of 7 in position 4 1
Checking Possibilities of 8 in position 4 1
Checking Possibilities of 9 in position 4 1
Checking Possibilities of 9 in position 4 0
Checking Possibilities of 2 in position 3 8
Checking Possibilities of 3 in position 3 8
Checking Possibilities of 4 in position 3 8
Checking Possibilities of 5 in position 3 8
Checking Possibilities of 6 in position 3 8
Checking Possibilities of 7 in position 3 8
Checking Possibilities of 8 in position 3 8
Checking Possibilities of 9 in position 3 8
Checking Possibilities of 9 in position 3 5
Checking Possibilities of 6 in position 3 1
Checking Possibilities of 7 in position 3 1
Checking Possibilities of 8 in position 3 1
Checking Possibilities of 9 in position 3 1
Checking Possibilities of 4 in position 3 0
Checking Possibilities of 5 in position 3 0
Found 5 in position 3 0
Find a number position 3 1
Checking Possibilities of 1 in position 3 1
Checking Possibilities of 2 in position 3 1
Checking Possibilities of 3 in position 3 1
Found 3 in position 3 1
Find a number position 3 3
Checking Possibilities of 1 in position 3 3
Found 1 in position 3 3
Find a number position 3 5
Checking Possibilities of 1 in position 3 5
Checking Possibilities of 2 in position 3 5
Checking Possibilities of 3 in position 3 5
Checking Possibilities of 4 in position 3 5
Checking Possibilities of 5 in position 3 5
Checking Possibilities of 6 in position 3 5
Checking Possibilities of 7 in position 3 5
Checking Possibilities of 8 in position 3 5
Found 8 in position 3 5
Find a number position 3 8
Checking Possibilities of 1 in position 3 8
Checking Possibilities of 2 in position 3 8
Checking Possibilities of 3 in position 3 8
Checking Possibilities of 4 in position 3 8
Checking Possibilities of 5 in position 3 8
Checking Possibilities of 6 in position 3 8
Checking Possibilities of 7 in position 3 8
Checking Possibilities of 8 in position 3 8
Checking Possibilities of 9 in position 3 8
Checking Possibilities of 9 in position 3 5
Checking Possibilities of 2 in position 3 3
Checking Possibilities of 3 in position 3 3
Checking Possibilities of 4 in position 3 3
Checking Possibilities of 5 in position 3 3
Checking Possibilities of 6 in position 3 3
Checking Possibilities of 7 in position 3 3
Checking Possibilities of 8 in position 3 3
Checking Possibilities of 9 in position 3 3
Found 9 in position 3 3
Find a number position 3 5
Checking Possibilities of 1 in position 3 5
Checking Possibilities of 2 in position 3 5
Checking Possibilities of 3 in position 3 5
Checking Possibilities of 4 in position 3 5
Checking Possibilities of 5 in position 3 5
Checking Possibilities of 6 in position 3 5
Checking Possibilities of 7 in position 3 5
Checking Possibilities of 8 in position 3 5
Found 8 in position 3 5
Find a number position 3 8
Checking Possibilities of 1 in position 3 8
Found 1 in position 3 8
Find a number position 4 0
Checking Possibilities of 1 in position 4 0
Checking Possibilities of 2 in position 4 0
Found 2 in position 4 0
Find a number position 4 1
Checking Possibilities of 1 in position 4 1
Checking Possibilities of 2 in position 4 1
Checking Possibilities of 3 in position 4 1
Checking Possibilities of 4 in position 4 1
Checking Possibilities of 5 in position 4 1
Checking Possibilities of 6 in position 4 1
Found 6 in position 4 1
Find a number position 4 3
Checking Possibilities of 1 in position 4 3
Checking Possibilities of 2 in position 4 3
Checking Possibilities of 3 in position 4 3
Checking Possibilities of 4 in position 4 3
Checking Possibilities of 5 in position 4 3
Checking Possibilities of 6 in position 4 3
Checking Possibilities of 7 in position 4 3
Found 7 in position 4 3
Find a number position 4 5
Checking Possibilities of 1 in position 4 5
Checking Possibilities of 2 in position 4 5
Checking Possibilities of 3 in position 4 5
Checking Possibilities of 4 in position 4 5
Checking Possibilities of 5 in position 4 5
Checking Possibilities of 6 in position 4 5
Checking Possibilities of 7 in position 4 5
Checking Possibilities of 8 in position 4 5
Checking Possibilities of 9 in position 4 5
Checking Possibilities of 8 in position 4 3
Checking Possibilities of 9 in position 4 3
Checking Possibilities of 7 in position 4 1
Checking Possibilities of 8 in position 4 1
Checking Possibilities of 9 in position 4 1
Checking Possibilities of 3 in position 4 0
Checking Possibilities of 4 in position 4 0
Checking Possibilities of 5 in position 4 0
Checking Possibilities of 6 in position 4 0
Checking Possibilities of 7 in position 4 0
Checking Possibilities of 8 in position 4 0
Found 8 in position 4 0
Find a number position 4 1
Checking Possibilities of 1 in position 4 1
Checking Possibilities of 2 in position 4 1
Checking Possibilities of 3 in position 4 1
Checking Possibilities of 4 in position 4 1
Checking Possibilities of 5 in position 4 1
Checking Possibilities of 6 in position 4 1
Found 6 in position 4 1
Find a number position 4 3
Checking Possibilities of 1 in position 4 3
Checking Possibilities of 2 in position 4 3
Checking Possibilities of 3 in position 4 3
Checking Possibilities of 4 in position 4 3
Checking Possibilities of 5 in position 4 3
Checking Possibilities of 6 in position 4 3
Checking Possibilities of 7 in position 4 3
Found 7 in position 4 3
Find a number position 4 5
Checking Possibilities of 1 in position 4 5
Checking Possibilities of 2 in position 4 5
Found 2 in position 4 5
Find a number position 4 8
Checking Possibilities of 1 in position 4 8
Checking Possibilities of 2 in position 4 8
Checking Possibilities of 3 in position 4 8
Checking Possibilities of 4 in position 4 8
Found 4 in position 4 8
Find a number position 5 1
Checking Possibilities of 1 in position 5 1
Checking Possibilities of 2 in position 5 1
Checking Possibilities of 3 in position 5 1
Checking Possibilities of 4 in position 5 1
Checking Possibilities of 5 in position 5 1
Checking Possibilities of 6 in position 5 1
Checking Possibilities of 7 in position 5 1
Checking Possibilities of 8 in position 5 1
Checking Possibilities of 9 in position 5 1
Checking Possibilities of 5 in position 4 8
Checking Possibilities of 6 in position 4 8
Checking Possibilities of 7 in position 4 8
Checking Possibilities of 8 in position 4 8
Checking Possibilities of 9 in position 4 8
Checking Possibilities of 3 in position 4 5
Checking Possibilities of 4 in position 4 5
Checking Possibilities of 5 in position 4 5
Checking Possibilities of 6 in position 4 5
Checking Possibilities of 7 in position 4 5
Checking Possibilities of 8 in position 4 5
Checking Possibilities of 9 in position 4 5
Checking Possibilities of 8 in position 4 3
Checking Possibilities of 9 in position 4 3
Checking Possibilities of 7 in position 4 1
Checking Possibilities of 8 in position 4 1
Checking Possibilities of 9 in position 4 1
Checking Possibilities of 9 in position 4 0
Checking Possibilities of 2 in position 3 8
Checking Possibilities of 3 in position 3 8
Checking Possibilities of 4 in position 3 8
Checking Possibilities of 5 in position 3 8
Checking Possibilities of 6 in position 3 8
Checking Possibilities of 7 in position 3 8
Checking Possibilities of 8 in position 3 8
Checking Possibilities of 9 in position 3 8
Checking Possibilities of 9 in position 3 5
Checking Possibilities of 4 in position 3 1
Checking Possibilities of 5 in position 3 1
Checking Possibilities of 6 in position 3 1
Checking Possibilities of 7 in position 3 1
Checking Possibilities of 8 in position 3 1
Checking Possibilities of 9 in position 3 1
Checking Possibilities of 6 in position 3 0
Checking Possibilities of 7 in position 3 0
Checking Possibilities of 8 in position 3 0
Found 8 in position 3 0
Find a number position 3 1
Checking Possibilities of 1 in position 3 1
Checking Possibilities of 2 in position 3 1
Checking Possibilities of 3 in position 3 1
Found 3 in position 3 1
Find a number position 3 3
Checking Possibilities of 1 in position 3 3
Found 1 in position 3 3
Find a number position 3 5
Checking Possibilities of 1 in position 3 5
Checking Possibilities of 2 in position 3 5
Checking Possibilities of 3 in position 3 5
Checking Possibilities of 4 in position 3 5
Checking Possibilities of 5 in position 3 5
Checking Possibilities of 6 in position 3 5
Checking Possibilities of 7 in position 3 5
Checking Possibilities of 8 in position 3 5
Checking Possibilities of 9 in position 3 5
Checking Possibilities of 2 in position 3 3
Checking Possibilities of 3 in position 3 3
Checking Possibilities of 4 in position 3 3
Checking Possibilities of 5 in position 3 3
Checking Possibilities of 6 in position 3 3
Checking Possibilities of 7 in position 3 3
Checking Possibilities of 8 in position 3 3
Checking Possibilities of 9 in position 3 3
Found 9 in position 3 3
Find a number position 3 5
Checking Possibilities of 1 in position 3 5
Checking Possibilities of 2 in position 3 5
Checking Possibilities of 3 in position 3 5
Checking Possibilities of 4 in position 3 5
Checking Possibilities of 5 in position 3 5
Checking Possibilities of 6 in position 3 5
Checking Possibilities of 7 in position 3 5
Checking Possibilities of 8 in position 3 5
Checking Possibilities of 9 in position 3 5
Checking Possibilities of 4 in position 3 1
Checking Possibilities of 5 in position 3 1
Found 5 in position 3 1
Find a number position 3 3
Checking Possibilities of 1 in position 3 3
Found 1 in position 3 3
Find a number position 3 5
Checking Possibilities of 1 in position 3 5
Checking Possibilities of 2 in position 3 5
Checking Possibilities of 3 in position 3 5
Found 3 in position 3 5
Find a number position 3 8
Checking Possibilities of 1 in position 3 8
Checking Possibilities of 2 in position 3 8
Checking Possibilities of 3 in position 3 8
Checking Possibilities of 4 in position 3 8
Checking Possibilities of 5 in position 3 8
Checking Possibilities of 6 in position 3 8
Checking Possibilities of 7 in position 3 8
Checking Possibilities of 8 in position 3 8
Checking Possibilities of 9 in position 3 8
Checking Possibilities of 4 in position 3 5
Checking Possibilities of 5 in position 3 5
Checking Possibilities of 6 in position 3 5
Checking Possibilities of 7 in position 3 5
Checking Possibilities of 8 in position 3 5
Checking Possibilities of 9 in position 3 5
Checking Possibilities of 2 in position 3 3
Checking Possibilities of 3 in position 3 3
Checking Possibilities of 4 in position 3 3
Checking Possibilities of 5 in position 3 3
Checking Possibilities of 6 in position 3 3
Checking Possibilities of 7 in position 3 3
Checking Possibilities of 8 in position 3 3
Checking Possibilities of 9 in position 3 3
Found 9 in position 3 3
Find a number position 3 5
Checking Possibilities of 1 in position 3 5
Checking Possibilities of 2 in position 3 5
Checking Possibilities of 3 in position 3 5
Found 3 in position 3 5
Find a number position 3 8
Checking Possibilities of 1 in position 3 8
Found 1 in position 3 8
Find a number position 4 0
Checking Possibilities of 1 in position 4 0
Checking Possibilities of 2 in position 4 0
Found 2 in position 4 0
Find a number position 4 1
Checking Possibilities of 1 in position 4 1
Checking Possibilities of 2 in position 4 1
Checking Possibilities of 3 in position 4 1
Checking Possibilities of 4 in position 4 1
Checking Possibilities of 5 in position 4 1
Checking Possibilities of 6 in position 4 1
Found 6 in position 4 1
Find a number position 4 3
Checking Possibilities of 1 in position 4 3
Checking Possibilities of 2 in position 4 3
Checking Possibilities of 3 in position 4 3
Checking Possibilities of 4 in position 4 3
Checking Possibilities of 5 in position 4 3
Checking Possibilities of 6 in position 4 3
Checking Possibilities of 7 in position 4 3
Found 7 in position 4 3
Find a number position 4 5
Checking Possibilities of 1 in position 4 5
Checking Possibilities of 2 in position 4 5
Checking Possibilities of 3 in position 4 5
Checking Possibilities of 4 in position 4 5
Checking Possibilities of 5 in position 4 5
Checking Possibilities of 6 in position 4 5
Checking Possibilities of 7 in position 4 5
Checking Possibilities of 8 in position 4 5
Found 8 in position 4 5
Find a number position 4 8
Checking Possibilities of 1 in position 4 8
Checking Possibilities of 2 in position 4 8
Checking Possibilities of 3 in position 4 8
Checking Possibilities of 4 in position 4 8
Found 4 in position 4 8
Find a number position 5 1
Checking Possibilities of 1 in position 5 1
Checking Possibilities of 2 in position 5 1
Checking Possibilities of 3 in position 5 1
Found 3 in position 5 1
Find a number position 5 3
Checking Possibilities of 1 in position 5 3
Found 1 in position 5 3
Find a number position 5 5
Checking Possibilities of 1 in position 5 5
Checking Possibilities of 2 in position 5 5
Found 2 in position 5 5
Find a number position 5 6
Checking Possibilities of 1 in position 5 6
Checking Possibilities of 2 in position 5 6
Checking Possibilities of 3 in position 5 6
Checking Possibilities of 4 in position 5 6
Checking Possibilities of 5 in position 5 6
Checking Possibilities of 6 in position 5 6
Checking Possibilities of 7 in position 5 6
Found 7 in position 5 6
Find a number position 5 7
Checking Possibilities of 1 in position 5 7
Checking Possibilities of 2 in position 5 7
Checking Possibilities of 3 in position 5 7
Checking Possibilities of 4 in position 5 7
Checking Possibilities of 5 in position 5 7
Checking Possibilities of 6 in position 5 7
Checking Possibilities of 7 in position 5 7
Checking Possibilities of 8 in position 5 7
Found 8 in position 5 7
Find a number position 6 0
Checking Possibilities of 1 in position 6 0
Checking Possibilities of 2 in position 6 0
Checking Possibilities of 3 in position 6 0
Checking Possibilities of 4 in position 6 0
Checking Possibilities of 5 in position 6 0
Found 5 in position 6 0
Find a number position 6 2
Checking Possibilities of 1 in position 6 2
Checking Possibilities of 2 in position 6 2
Checking Possibilities of 3 in position 6 2
Checking Possibilities of 4 in position 6 2
Checking Possibilities of 5 in position 6 2
Checking Possibilities of 6 in position 6 2
Found 6 in position 6 2
Find a number position 6 4
Checking Possibilities of 1 in position 6 4
Checking Possibilities of 2 in position 6 4
Checking Possibilities of 3 in position 6 4
Checking Possibilities of 4 in position 6 4
Checking Possibilities of 5 in position 6 4
Checking Possibilities of 6 in position 6 4
Checking Possibilities of 7 in position 6 4
Checking Possibilities of 8 in position 6 4
Found 8 in position 6 4
Find a number position 6 5
Checking Possibilities of 1 in position 6 5
Checking Possibilities of 2 in position 6 5
Checking Possibilities of 3 in position 6 5
Checking Possibilities of 4 in position 6 5
Found 4 in position 6 5
Find a number position 6 6
Checking Possibilities of 1 in position 6 6
Checking Possibilities of 2 in position 6 6
Checking Possibilities of 3 in position 6 6
Checking Possibilities of 4 in position 6 6
Checking Possibilities of 5 in position 6 6
Checking Possibilities of 6 in position 6 6
Checking Possibilities of 7 in position 6 6
Checking Possibilities of 8 in position 6 6
Checking Possibilities of 9 in position 6 6
Checking Possibilities of 5 in position 6 5
Checking Possibilities of 6 in position 6 5
Checking Possibilities of 7 in position 6 5
Checking Possibilities of 8 in position 6 5
Checking Possibilities of 9 in position 6 5
Checking Possibilities of 9 in position 6 4
Found 9 in position 6 4
Find a number position 6 5
Checking Possibilities of 1 in position 6 5
Checking Possibilities of 2 in position 6 5
Checking Possibilities of 3 in position 6 5
Checking Possibilities of 4 in position 6 5
Found 4 in position 6 5
Find a number position 6 6
Checking Possibilities of 1 in position 6 6
Checking Possibilities of 2 in position 6 6
Checking Possibilities of 3 in position 6 6
Checking Possibilities of 4 in position 6 6
Checking Possibilities of 5 in position 6 6
Checking Possibilities of 6 in position 6 6
Checking Possibilities of 7 in position 6 6
Checking Possibilities of 8 in position 6 6
Found 8 in position 6 6
Find a number position 7 2
Checking Possibilities of 1 in position 7 2
Checking Possibilities of 2 in position 7 2
Checking Possibilities of 3 in position 7 2
Checking Possibilities of 4 in position 7 2
Checking Possibilities of 5 in position 7 2
Checking Possibilities of 6 in position 7 2
Checking Possibilities of 7 in position 7 2
Checking Possibilities of 8 in position 7 2
Found 8 in position 7 2
Find a number position 7 3
Checking Possibilities of 1 in position 7 3
Checking Possibilities of 2 in position 7 3
Checking Possibilities of 3 in position 7 3
Checking Possibilities of 4 in position 7 3
Checking Possibilities of 5 in position 7 3
Found 5 in position 7 3
Find a number position 7 4
Checking Possibilities of 1 in position 7 4
Checking Possibilities of 2 in position 7 4
Checking Possibilities of 3 in position 7 4
Checking Possibilities of 4 in position 7 4
Checking Possibilities of 5 in position 7 4
Checking Possibilities of 6 in position 7 4
Checking Possibilities of 7 in position 7 4
Checking Possibilities of 8 in position 7 4
Checking Possibilities of 9 in position 7 4
Checking Possibilities of 6 in position 7 3
Checking Possibilities of 7 in position 7 3
Checking Possibilities of 8 in position 7 3
Checking Possibilities of 9 in position 7 3
Checking Possibilities of 9 in position 7 2
Checking Possibilities of 9 in position 6 6
Checking Possibilities of 5 in position 6 5
Checking Possibilities of 6 in position 6 5
Checking Possibilities of 7 in position 6 5
Checking Possibilities of 8 in position 6 5
Checking Possibilities of 9 in position 6 5
Checking Possibilities of 7 in position 6 2
Checking Possibilities of 8 in position 6 2
Found 8 in position 6 2
Find a number position 6 4
Checking Possibilities of 1 in position 6 4
Checking Possibilities of 2 in position 6 4
Checking Possibilities of 3 in position 6 4
Checking Possibilities of 4 in position 6 4
Checking Possibilities of 5 in position 6 4
Checking Possibilities of 6 in position 6 4
Checking Possibilities of 7 in position 6 4
Checking Possibilities of 8 in position 6 4
Checking Possibilities of 9 in position 6 4
Found 9 in position 6 4
Find a number position 6 5
Checking Possibilities of 1 in position 6 5
Checking Possibilities of 2 in position 6 5
Checking Possibilities of 3 in position 6 5
Checking Possibilities of 4 in position 6 5
Found 4 in position 6 5
Find a number position 6 6
Checking Possibilities of 1 in position 6 6
Checking Possibilities of 2 in position 6 6
Checking Possibilities of 3 in position 6 6
Checking Possibilities of 4 in position 6 6
Checking Possibilities of 5 in position 6 6
Checking Possibilities of 6 in position 6 6
Found 6 in position 6 6
Find a number position 7 2
Checking Possibilities of 1 in position 7 2
Checking Possibilities of 2 in position 7 2
Checking Possibilities of 3 in position 7 2
Checking Possibilities of 4 in position 7 2
Checking Possibilities of 5 in position 7 2
Checking Possibilities of 6 in position 7 2
Found 6 in position 7 2
Find a number position 7 3
Checking Possibilities of 1 in position 7 3
Checking Possibilities of 2 in position 7 3
Checking Possibilities of 3 in position 7 3
Checking Possibilities of 4 in position 7 3
Checking Possibilities of 5 in position 7 3
Found 5 in position 7 3
Find a number position 7 4
Checking Possibilities of 1 in position 7 4
Checking Possibilities of 2 in position 7 4
Checking Possibilities of 3 in position 7 4
Checking Possibilities of 4 in position 7 4
Checking Possibilities of 5 in position 7 4
Checking Possibilities of 6 in position 7 4
Checking Possibilities of 7 in position 7 4
Checking Possibilities of 8 in position 7 4
Found 8 in position 7 4
Find a number position 7 7
Checking Possibilities of 1 in position 7 7
Checking Possibilities of 2 in position 7 7
Checking Possibilities of 3 in position 7 7
Checking Possibilities of 4 in position 7 7
Checking Possibilities of 5 in position 7 7
Checking Possibilities of 6 in position 7 7
Checking Possibilities of 7 in position 7 7
Checking Possibilities of 8 in position 7 7
Checking Possibilities of 9 in position 7 7
Found 9 in position 7 7
Find a number position 7 8
Checking Possibilities of 1 in position 7 8
Checking Possibilities of 2 in position 7 8
Checking Possibilities of 3 in position 7 8
Found 3 in position 7 8
Find a number position 8 0
Checking Possibilities of 1 in position 8 0
Checking Possibilities of 2 in position 8 0
Checking Possibilities of 3 in position 8 0
Found 3 in position 8 0
Find a number position 8 4
Checking Possibilities of 1 in position 8 4
Found 1 in position 8 4
Find a number position 8 6
Checking Possibilities of 1 in position 8 6
Checking Possibilities of 2 in position 8 6
Checking Possibilities of 3 in position 8 6
Checking Possibilities of 4 in position 8 6
Checking Possibilities of 5 in position 8 6
Checking Possibilities of 6 in position 8 6
Checking Possibilities of 7 in position 8 6
Checking Possibilities of 8 in position 8 6
Found 8 in position 8 6
Find a number position 8 7
Checking Possibilities of 1 in position 8 7
Checking Possibilities of 2 in position 8 7
Checking Possibilities of 3 in position 8 7
Checking Possibilities of 4 in position 8 7
Checking Possibilities of 5 in position 8 7
Found 5 in position 8 7
[[7 8 5 4 3 9 1 2 6]
 [6 1 2 8 7 5 3 4 9]
 [4 9 3 6 2 1 5 7 8]
 [8 5 7 9 4 3 2 6 1]
 [2 6 1 7 5 8 9 3 4]
 [9 3 4 1 6 2 7 8 5]
 [5 7 8 3 9 4 6 1 2]
 [1 2 6 5 8 7 4 9 3]
 [3 4 9 2 1 6 8 5 7]]
More?Checking Possibilities of 6 in position 8 7
Checking Possibilities of 7 in position 8 7
Checking Possibilities of 8 in position 8 7
Checking Possibilities of 9 in position 8 7
Checking Possibilities of 9 in position 8 6
Checking Possibilities of 2 in position 8 4
Checking Possibilities of 3 in position 8 4
Checking Possibilities of 4 in position 8 4
Checking Possibilities of 5 in position 8 4
Checking Possibilities of 6 in position 8 4
Checking Possibilities of 7 in position 8 4
Checking Possibilities of 8 in position 8 4
Checking Possibilities of 9 in position 8 4
Checking Possibilities of 4 in position 8 0
Checking Possibilities of 5 in position 8 0
Checking Possibilities of 6 in position 8 0
Checking Possibilities of 7 in position 8 0
Checking Possibilities of 8 in position 8 0
Checking Possibilities of 9 in position 8 0
Checking Possibilities of 4 in position 7 8
Checking Possibilities of 5 in position 7 8
Checking Possibilities of 6 in position 7 8
Checking Possibilities of 7 in position 7 8
Checking Possibilities of 8 in position 7 8
Checking Possibilities of 9 in position 7 8
Checking Possibilities of 9 in position 7 4
Checking Possibilities of 6 in position 7 3
Checking Possibilities of 7 in position 7 3
Checking Possibilities of 8 in position 7 3
Checking Possibilities of 9 in position 7 3
Checking Possibilities of 7 in position 7 2
Checking Possibilities of 8 in position 7 2
Checking Possibilities of 9 in position 7 2
Checking Possibilities of 7 in position 6 6
Checking Possibilities of 8 in position 6 6
Checking Possibilities of 9 in position 6 6
Checking Possibilities of 5 in position 6 5
Checking Possibilities of 6 in position 6 5
Checking Possibilities of 7 in position 6 5
Checking Possibilities of 8 in position 6 5
Checking Possibilities of 9 in position 6 5
Checking Possibilities of 9 in position 6 2
Checking Possibilities of 6 in position 6 0
Checking Possibilities of 7 in position 6 0
Checking Possibilities of 8 in position 6 0
Checking Possibilities of 9 in position 6 0
Checking Possibilities of 9 in position 5 7
Checking Possibilities of 8 in position 5 6
Found 8 in position 5 6
Find a number position 5 7
Checking Possibilities of 1 in position 5 7
Checking Possibilities of 2 in position 5 7
Checking Possibilities of 3 in position 5 7
Checking Possibilities of 4 in position 5 7
Checking Possibilities of 5 in position 5 7
Checking Possibilities of 6 in position 5 7
Checking Possibilities of 7 in position 5 7
Checking Possibilities of 8 in position 5 7
Checking Possibilities of 9 in position 5 7
Checking Possibilities of 9 in position 5 6
Checking Possibilities of 3 in position 5 5
Checking Possibilities of 4 in position 5 5
Checking Possibilities of 5 in position 5 5
Checking Possibilities of 6 in position 5 5
Checking Possibilities of 7 in position 5 5
Checking Possibilities of 8 in position 5 5
Checking Possibilities of 9 in position 5 5
Checking Possibilities of 2 in position 5 3
Checking Possibilities of 3 in position 5 3
Checking Possibilities of 4 in position 5 3
Checking Possibilities of 5 in position 5 3
Checking Possibilities of 6 in position 5 3
Checking Possibilities of 7 in position 5 3
Checking Possibilities of 8 in position 5 3
Checking Possibilities of 9 in position 5 3
Checking Possibilities of 4 in position 5 1
Checking Possibilities of 5 in position 5 1
Checking Possibilities of 6 in position 5 1
Checking Possibilities of 7 in position 5 1
Checking Possibilities of 8 in position 5 1
Checking Possibilities of 9 in position 5 1
Checking Possibilities of 5 in position 4 8
Checking Possibilities of 6 in position 4 8
Checking Possibilities of 7 in position 4 8
Checking Possibilities of 8 in position 4 8
Checking Possibilities of 9 in position 4 8
Checking Possibilities of 9 in position 4 5
Checking Possibilities of 8 in position 4 3
Checking Possibilities of 9 in position 4 3
Checking Possibilities of 7 in position 4 1
Checking Possibilities of 8 in position 4 1
Checking Possibilities of 9 in position 4 1
Checking Possibilities of 3 in position 4 0
Checking Possibilities of 4 in position 4 0
Checking Possibilities of 5 in position 4 0
Checking Possibilities of 6 in position 4 0
Checking Possibilities of 7 in position 4 0
Checking Possibilities of 8 in position 4 0
Checking Possibilities of 9 in position 4 0
Checking Possibilities of 2 in position 3 8
Checking Possibilities of 3 in position 3 8
Checking Possibilities of 4 in position 3 8
Checking Possibilities of 5 in position 3 8
Checking Possibilities of 6 in position 3 8
Checking Possibilities of 7 in position 3 8
Checking Possibilities of 8 in position 3 8
Checking Possibilities of 9 in position 3 8
Checking Possibilities of 4 in position 3 5
Checking Possibilities of 5 in position 3 5
Checking Possibilities of 6 in position 3 5
Checking Possibilities of 7 in position 3 5
Checking Possibilities of 8 in position 3 5
Checking Possibilities of 9 in position 3 5
Checking Possibilities of 6 in position 3 1
Checking Possibilities of 7 in position 3 1
Checking Possibilities of 8 in position 3 1
Checking Possibilities of 9 in position 3 1
Checking Possibilities of 9 in position 3 0
Checking Possibilities of 6 in position 2 6
Checking Possibilities of 7 in position 2 6
Checking Possibilities of 8 in position 2 6
Checking Possibilities of 9 in position 2 6
Checking Possibilities of 3 in position 2 4
Checking Possibilities of 4 in position 2 4
Checking Possibilities of 5 in position 2 4
Checking Possibilities of 6 in position 2 4
Checking Possibilities of 7 in position 2 4
Checking Possibilities of 8 in position 2 4
Checking Possibilities of 9 in position 2 4
Checking Possibilities of 4 in position 2 2
Checking Possibilities of 5 in position 2 2
Checking Possibilities of 6 in position 2 2
Checking Possibilities of 7 in position 2 2
Checking Possibilities of 8 in position 2 2
Checking Possibilities of 9 in position 2 2
Checking Possibilities of 5 in position 2 0
Checking Possibilities of 6 in position 2 0
Checking Possibilities of 7 in position 2 0
Checking Possibilities of 8 in position 2 0
Checking Possibilities of 9 in position 2 0
Checking Possibilities of 5 in position 1 7
Checking Possibilities of 6 in position 1 7
Checking Possibilities of 7 in position 1 7
Checking Possibilities of 8 in position 1 7
Checking Possibilities of 9 in position 1 7
Checking Possibilities of 4 in position 1 6
Checking Possibilities of 5 in position 1 6
Checking Possibilities of 6 in position 1 6
Checking Possibilities of 7 in position 1 6
Checking Possibilities of 8 in position 1 6
Checking Possibilities of 9 in position 1 6
Checking Possibilities of 9 in position 1 3
Checking Possibilities of 3 in position 1 2
Found 3 in position 1 2
Find a number position 1 3
Checking Possibilities of 1 in position 1 3
Checking Possibilities of 2 in position 1 3
Checking Possibilities of 3 in position 1 3
Checking Possibilities of 4 in position 1 3
Checking Possibilities of 5 in position 1 3
Checking Possibilities of 6 in position 1 3
Checking Possibilities of 7 in position 1 3
Checking Possibilities of 8 in position 1 3
Found 8 in position 1 3
Find a number position 1 6
Checking Possibilities of 1 in position 1 6
Checking Possibilities of 2 in position 1 6
Checking Possibilities of 3 in position 1 6
Checking Possibilities of 4 in position 1 6
Checking Possibilities of 5 in position 1 6
Checking Possibilities of 6 in position 1 6
Checking Possibilities of 7 in position 1 6
Checking Possibilities of 8 in position 1 6
Checking Possibilities of 9 in position 1 6
Checking Possibilities of 9 in position 1 3
Checking Possibilities of 4 in position 1 2
Checking Possibilities of 5 in position 1 2
Checking Possibilities of 6 in position 1 2
Checking Possibilities of 7 in position 1 2
Checking Possibilities of 8 in position 1 2
Checking Possibilities of 9 in position 1 2
Checking Possibilities of 2 in position 1 1
Checking Possibilities of 3 in position 1 1
Found 3 in position 1 1
Find a number position 1 2
Checking Possibilities of 1 in position 1 2
Checking Possibilities of 2 in position 1 2
Found 2 in position 1 2
Find a number position 1 3
Checking Possibilities of 1 in position 1 3
Checking Possibilities of 2 in position 1 3
Checking Possibilities of 3 in position 1 3
Checking Possibilities of 4 in position 1 3
Checking Possibilities of 5 in position 1 3
Checking Possibilities of 6 in position 1 3
Checking Possibilities of 7 in position 1 3
Checking Possibilities of 8 in position 1 3
Found 8 in position 1 3
Find a number position 1 6
Checking Possibilities of 1 in position 1 6
Checking Possibilities of 2 in position 1 6
Checking Possibilities of 3 in position 1 6
Checking Possibilities of 4 in position 1 6
Checking Possibilities of 5 in position 1 6
Checking Possibilities of 6 in position 1 6
Checking Possibilities of 7 in position 1 6
Checking Possibilities of 8 in position 1 6
Checking Possibilities of 9 in position 1 6
Checking Possibilities of 9 in position 1 3
Checking Possibilities of 3 in position 1 2
Checking Possibilities of 4 in position 1 2
Checking Possibilities of 5 in position 1 2
Checking Possibilities of 6 in position 1 2
Checking Possibilities of 7 in position 1 2
Checking Possibilities of 8 in position 1 2
Checking Possibilities of 9 in position 1 2
Checking Possibilities of 4 in position 1 1
Checking Possibilities of 5 in position 1 1
Checking Possibilities of 6 in position 1 1
Checking Possibilities of 7 in position 1 1
Checking Possibilities of 8 in position 1 1
Checking Possibilities of 9 in position 1 1
Checking Possibilities of 7 in position 0 8
Checking Possibilities of 8 in position 0 8
Checking Possibilities of 9 in position 0 8
Checking Possibilities of 4 in position 0 4
Checking Possibilities of 5 in position 0 4
Checking Possibilities of 6 in position 0 4
Checking Possibilities of 7 in position 0 4
Checking Possibilities of 8 in position 0 4
Checking Possibilities of 9 in position 0 4
Found 9 in position 0 4
Find a number position 0 5
Checking Possibilities of 1 in position 0 5
Checking Possibilities of 2 in position 0 5
Checking Possibilities of 3 in position 0 5
Found 3 in position 0 5
Find a number position 0 8
Checking Possibilities of 1 in position 0 8
Checking Possibilities of 2 in position 0 8
Checking Possibilities of 3 in position 0 8
Checking Possibilities of 4 in position 0 8
Checking Possibilities of 5 in position 0 8
Checking Possibilities of 6 in position 0 8
Found 6 in position 0 8
Find a number position 1 1
Checking Possibilities of 1 in position 1 1
Found 1 in position 1 1
Find a number position 1 2
Checking Possibilities of 1 in position 1 2
Checking Possibilities of 2 in position 1 2
Found 2 in position 1 2
Find a number position 1 3
Checking Possibilities of 1 in position 1 3
Checking Possibilities of 2 in position 1 3
Checking Possibilities of 3 in position 1 3
Checking Possibilities of 4 in position 1 3
Checking Possibilities of 5 in position 1 3
Checking Possibilities of 6 in position 1 3
Checking Possibilities of 7 in position 1 3
Checking Possibilities of 8 in position 1 3
Found 8 in position 1 3
Find a number position 1 6
Checking Possibilities of 1 in position 1 6
Checking Possibilities of 2 in position 1 6
Checking Possibilities of 3 in position 1 6
Found 3 in position 1 6
Find a number position 1 7
Checking Possibilities of 1 in position 1 7
Checking Possibilities of 2 in position 1 7
Checking Possibilities of 3 in position 1 7
Checking Possibilities of 4 in position 1 7
Found 4 in position 1 7
Find a number position 2 0
Checking Possibilities of 1 in position 2 0
Checking Possibilities of 2 in position 2 0
Checking Possibilities of 3 in position 2 0
Found 3 in position 2 0
Find a number position 2 1
Checking Possibilities of 1 in position 2 1
Checking Possibilities of 2 in position 2 1
Checking Possibilities of 3 in position 2 1
Checking Possibilities of 4 in position 2 1
Checking Possibilities of 5 in position 2 1
Checking Possibilities of 6 in position 2 1
Checking Possibilities of 7 in position 2 1
Checking Possibilities of 8 in position 2 1
Checking Possibilities of 9 in position 2 1
Found 9 in position 2 1
Find a number position 2 2
Checking Possibilities of 1 in position 2 2
Checking Possibilities of 2 in position 2 2
Checking Possibilities of 3 in position 2 2
Checking Possibilities of 4 in position 2 2
Checking Possibilities of 5 in position 2 2
Checking Possibilities of 6 in position 2 2
Checking Possibilities of 7 in position 2 2
Checking Possibilities of 8 in position 2 2
Checking Possibilities of 9 in position 2 2
Checking Possibilities of 4 in position 2 0
Found 4 in position 2 0
Find a number position 2 1
Checking Possibilities of 1 in position 2 1
Checking Possibilities of 2 in position 2 1
Checking Possibilities of 3 in position 2 1
Found 3 in position 2 1
Find a number position 2 2
Checking Possibilities of 1 in position 2 2
Checking Possibilities of 2 in position 2 2
Checking Possibilities of 3 in position 2 2
Checking Possibilities of 4 in position 2 2
Checking Possibilities of 5 in position 2 2
Checking Possibilities of 6 in position 2 2
Checking Possibilities of 7 in position 2 2
Checking Possibilities of 8 in position 2 2
Checking Possibilities of 9 in position 2 2
Checking Possibilities of 4 in position 2 1
Checking Possibilities of 5 in position 2 1
Checking Possibilities of 6 in position 2 1
Checking Possibilities of 7 in position 2 1
Checking Possibilities of 8 in position 2 1
Checking Possibilities of 9 in position 2 1
Found 9 in position 2 1
Find a number position 2 2
Checking Possibilities of 1 in position 2 2
Checking Possibilities of 2 in position 2 2
Checking Possibilities of 3 in position 2 2
Found 3 in position 2 2
Find a number position 2 4
Checking Possibilities of 1 in position 2 4
Checking Possibilities of 2 in position 2 4
Found 2 in position 2 4
Find a number position 2 6
Checking Possibilities of 1 in position 2 6
Checking Possibilities of 2 in position 2 6
Checking Possibilities of 3 in position 2 6
Checking Possibilities of 4 in position 2 6
Checking Possibilities of 5 in position 2 6
Found 5 in position 2 6
Find a number position 3 0
Checking Possibilities of 1 in position 3 0
Checking Possibilities of 2 in position 3 0
Checking Possibilities of 3 in position 3 0
Found 3 in position 3 0
Find a number position 3 1
Checking Possibilities of 1 in position 3 1
Checking Possibilities of 2 in position 3 1
Checking Possibilities of 3 in position 3 1
Checking Possibilities of 4 in position 3 1
Checking Possibilities of 5 in position 3 1
Found 5 in position 3 1
Find a number position 3 3
Checking Possibilities of 1 in position 3 3
Found 1 in position 3 3
Find a number position 3 5
Checking Possibilities of 1 in position 3 5
Checking Possibilities of 2 in position 3 5
Checking Possibilities of 3 in position 3 5
Checking Possibilities of 4 in position 3 5
Checking Possibilities of 5 in position 3 5
Checking Possibilities of 6 in position 3 5
Checking Possibilities of 7 in position 3 5
Checking Possibilities of 8 in position 3 5
Found 8 in position 3 5
Find a number position 3 8
Checking Possibilities of 1 in position 3 8
Checking Possibilities of 2 in position 3 8
Checking Possibilities of 3 in position 3 8
Checking Possibilities of 4 in position 3 8
Checking Possibilities of 5 in position 3 8
Checking Possibilities of 6 in position 3 8
Checking Possibilities of 7 in position 3 8
Checking Possibilities of 8 in position 3 8
Checking Possibilities of 9 in position 3 8
Checking Possibilities of 9 in position 3 5
Found 9 in position 3 5
Find a number position 3 8
Checking Possibilities of 1 in position 3 8
Checking Possibilities of 2 in position 3 8
Checking Possibilities of 3 in position 3 8
Checking Possibilities of 4 in position 3 8
Checking Possibilities of 5 in position 3 8
Checking Possibilities of 6 in position 3 8
Checking Possibilities of 7 in position 3 8
Checking Possibilities of 8 in position 3 8
Checking Possibilities of 9 in position 3 8
Checking Possibilities of 2 in position 3 3
Checking Possibilities of 3 in position 3 3
Checking Possibilities of 4 in position 3 3
Checking Possibilities of 5 in position 3 3
Checking Possibilities of 6 in position 3 3
Checking Possibilities of 7 in position 3 3
Checking Possibilities of 8 in position 3 3
Checking Possibilities of 9 in position 3 3
Found 9 in position 3 3
Find a number position 3 5
Checking Possibilities of 1 in position 3 5
Checking Possibilities of 2 in position 3 5
Checking Possibilities of 3 in position 3 5
Checking Possibilities of 4 in position 3 5
Checking Possibilities of 5 in position 3 5
Checking Possibilities of 6 in position 3 5
Checking Possibilities of 7 in position 3 5
Checking Possibilities of 8 in position 3 5
Found 8 in position 3 5
Find a number position 3 8
Checking Possibilities of 1 in position 3 8
Found 1 in position 3 8
Find a number position 4 0
Checking Possibilities of 1 in position 4 0
Checking Possibilities of 2 in position 4 0
Found 2 in position 4 0
Find a number position 4 1
Checking Possibilities of 1 in position 4 1
Checking Possibilities of 2 in position 4 1
Checking Possibilities of 3 in position 4 1
Checking Possibilities of 4 in position 4 1
Checking Possibilities of 5 in position 4 1
Checking Possibilities of 6 in position 4 1
Found 6 in position 4 1
Find a number position 4 3
Checking Possibilities of 1 in position 4 3
Checking Possibilities of 2 in position 4 3
Checking Possibilities of 3 in position 4 3
Checking Possibilities of 4 in position 4 3
Checking Possibilities of 5 in position 4 3
Checking Possibilities of 6 in position 4 3
Checking Possibilities of 7 in position 4 3
Found 7 in position 4 3
Find a number position 4 5
Checking Possibilities of 1 in position 4 5
Checking Possibilities of 2 in position 4 5
Checking Possibilities of 3 in position 4 5
Checking Possibilities of 4 in position 4 5
Checking Possibilities of 5 in position 4 5
Checking Possibilities of 6 in position 4 5
Checking Possibilities of 7 in position 4 5
Checking Possibilities of 8 in position 4 5
Checking Possibilities of 9 in position 4 5
Checking Possibilities of 8 in position 4 3
Checking Possibilities of 9 in position 4 3
Checking Possibilities of 7 in position 4 1
Checking Possibilities of 8 in position 4 1
Checking Possibilities of 9 in position 4 1
Checking Possibilities of 3 in position 4 0
Checking Possibilities of 4 in position 4 0
Checking Possibilities of 5 in position 4 0
Checking Possibilities of 6 in position 4 0
Checking Possibilities of 7 in position 4 0
Checking Possibilities of 8 in position 4 0
Found 8 in position 4 0
Find a number position 4 1
Checking Possibilities of 1 in position 4 1
Checking Possibilities of 2 in position 4 1
Checking Possibilities of 3 in position 4 1
Checking Possibilities of 4 in position 4 1
Checking Possibilities of 5 in position 4 1
Checking Possibilities of 6 in position 4 1
Found 6 in position 4 1
Find a number position 4 3
Checking Possibilities of 1 in position 4 3
Checking Possibilities of 2 in position 4 3
Checking Possibilities of 3 in position 4 3
Checking Possibilities of 4 in position 4 3
Checking Possibilities of 5 in position 4 3
Checking Possibilities of 6 in position 4 3
Checking Possibilities of 7 in position 4 3
Found 7 in position 4 3
Find a number position 4 5
Checking Possibilities of 1 in position 4 5
Checking Possibilities of 2 in position 4 5
Found 2 in position 4 5
Find a number position 4 8
Checking Possibilities of 1 in position 4 8
Checking Possibilities of 2 in position 4 8
Checking Possibilities of 3 in position 4 8
Checking Possibilities of 4 in position 4 8
Found 4 in position 4 8
Find a number position 5 1
Checking Possibilities of 1 in position 5 1
Checking Possibilities of 2 in position 5 1
Checking Possibilities of 3 in position 5 1
Checking Possibilities of 4 in position 5 1
Checking Possibilities of 5 in position 5 1
Checking Possibilities of 6 in position 5 1
Checking Possibilities of 7 in position 5 1
Checking Possibilities of 8 in position 5 1
Checking Possibilities of 9 in position 5 1
Checking Possibilities of 5 in position 4 8
Checking Possibilities of 6 in position 4 8
Checking Possibilities of 7 in position 4 8
Checking Possibilities of 8 in position 4 8
Checking Possibilities of 9 in position 4 8
Checking Possibilities of 3 in position 4 5
Checking Possibilities of 4 in position 4 5
Checking Possibilities of 5 in position 4 5
Checking Possibilities of 6 in position 4 5
Checking Possibilities of 7 in position 4 5
Checking Possibilities of 8 in position 4 5
Checking Possibilities of 9 in position 4 5
Checking Possibilities of 8 in position 4 3
Checking Possibilities of 9 in position 4 3
Checking Possibilities of 7 in position 4 1
Checking Possibilities of 8 in position 4 1
Checking Possibilities of 9 in position 4 1
Checking Possibilities of 9 in position 4 0
Checking Possibilities of 2 in position 3 8
Checking Possibilities of 3 in position 3 8
Checking Possibilities of 4 in position 3 8
Checking Possibilities of 5 in position 3 8
Checking Possibilities of 6 in position 3 8
Checking Possibilities of 7 in position 3 8
Checking Possibilities of 8 in position 3 8
Checking Possibilities of 9 in position 3 8
Checking Possibilities of 9 in position 3 5
Checking Possibilities of 6 in position 3 1
Checking Possibilities of 7 in position 3 1
Checking Possibilities of 8 in position 3 1
Checking Possibilities of 9 in position 3 1
Checking Possibilities of 4 in position 3 0
Checking Possibilities of 5 in position 3 0
Found 5 in position 3 0
Find a number position 3 1
Checking Possibilities of 1 in position 3 1
Checking Possibilities of 2 in position 3 1
Checking Possibilities of 3 in position 3 1
Found 3 in position 3 1
Find a number position 3 3
Checking Possibilities of 1 in position 3 3
Found 1 in position 3 3
Find a number position 3 5
Checking Possibilities of 1 in position 3 5
Checking Possibilities of 2 in position 3 5
Checking Possibilities of 3 in position 3 5
Checking Possibilities of 4 in position 3 5
Checking Possibilities of 5 in position 3 5
Checking Possibilities of 6 in position 3 5
Checking Possibilities of 7 in position 3 5
Checking Possibilities of 8 in position 3 5
Found 8 in position 3 5
Find a number position 3 8
Checking Possibilities of 1 in position 3 8
Checking Possibilities of 2 in position 3 8
Checking Possibilities of 3 in position 3 8
Checking Possibilities of 4 in position 3 8
Checking Possibilities of 5 in position 3 8
Checking Possibilities of 6 in position 3 8
Checking Possibilities of 7 in position 3 8
Checking Possibilities of 8 in position 3 8
Checking Possibilities of 9 in position 3 8
Checking Possibilities of 9 in position 3 5
Found 9 in position 3 5
Find a number position 3 8
Checking Possibilities of 1 in position 3 8
Checking Possibilities of 2 in position 3 8
Checking Possibilities of 3 in position 3 8
Checking Possibilities of 4 in position 3 8
Checking Possibilities of 5 in position 3 8
Checking Possibilities of 6 in position 3 8
Checking Possibilities of 7 in position 3 8
Checking Possibilities of 8 in position 3 8
Checking Possibilities of 9 in position 3 8
Checking Possibilities of 2 in position 3 3
Checking Possibilities of 3 in position 3 3
Checking Possibilities of 4 in position 3 3
Checking Possibilities of 5 in position 3 3
Checking Possibilities of 6 in position 3 3
Checking Possibilities of 7 in position 3 3
Checking Possibilities of 8 in position 3 3
Checking Possibilities of 9 in position 3 3
Found 9 in position 3 3
Find a number position 3 5
Checking Possibilities of 1 in position 3 5
Checking Possibilities of 2 in position 3 5
Checking Possibilities of 3 in position 3 5
Checking Possibilities of 4 in position 3 5
Checking Possibilities of 5 in position 3 5
Checking Possibilities of 6 in position 3 5
Checking Possibilities of 7 in position 3 5
Checking Possibilities of 8 in position 3 5
Found 8 in position 3 5
Find a number position 3 8
Checking Possibilities of 1 in position 3 8
Found 1 in position 3 8
Find a number position 4 0
Checking Possibilities of 1 in position 4 0
Checking Possibilities of 2 in position 4 0
Found 2 in position 4 0
Find a number position 4 1
Checking Possibilities of 1 in position 4 1
Checking Possibilities of 2 in position 4 1
Checking Possibilities of 3 in position 4 1
Checking Possibilities of 4 in position 4 1
Checking Possibilities of 5 in position 4 1
Checking Possibilities of 6 in position 4 1
Found 6 in position 4 1
Find a number position 4 3
Checking Possibilities of 1 in position 4 3
Checking Possibilities of 2 in position 4 3
Checking Possibilities of 3 in position 4 3
Checking Possibilities of 4 in position 4 3
Checking Possibilities of 5 in position 4 3
Checking Possibilities of 6 in position 4 3
Checking Possibilities of 7 in position 4 3
Found 7 in position 4 3
Find a number position 4 5
Checking Possibilities of 1 in position 4 5
Checking Possibilities of 2 in position 4 5
Checking Possibilities of 3 in position 4 5
Checking Possibilities of 4 in position 4 5
Checking Possibilities of 5 in position 4 5
Checking Possibilities of 6 in position 4 5
Checking Possibilities of 7 in position 4 5
Checking Possibilities of 8 in position 4 5
Checking Possibilities of 9 in position 4 5
Checking Possibilities of 8 in position 4 3
Checking Possibilities of 9 in position 4 3
Checking Possibilities of 7 in position 4 1
Checking Possibilities of 8 in position 4 1
Checking Possibilities of 9 in position 4 1
Checking Possibilities of 3 in position 4 0
Checking Possibilities of 4 in position 4 0
Checking Possibilities of 5 in position 4 0
Checking Possibilities of 6 in position 4 0
Checking Possibilities of 7 in position 4 0
Checking Possibilities of 8 in position 4 0
Found 8 in position 4 0
Find a number position 4 1
Checking Possibilities of 1 in position 4 1
Checking Possibilities of 2 in position 4 1
Checking Possibilities of 3 in position 4 1
Checking Possibilities of 4 in position 4 1
Checking Possibilities of 5 in position 4 1
Checking Possibilities of 6 in position 4 1
Found 6 in position 4 1
Find a number position 4 3
Checking Possibilities of 1 in position 4 3
Checking Possibilities of 2 in position 4 3
Checking Possibilities of 3 in position 4 3
Checking Possibilities of 4 in position 4 3
Checking Possibilities of 5 in position 4 3
Checking Possibilities of 6 in position 4 3
Checking Possibilities of 7 in position 4 3
Found 7 in position 4 3
Find a number position 4 5
Checking Possibilities of 1 in position 4 5
Checking Possibilities of 2 in position 4 5
Found 2 in position 4 5
Find a number position 4 8
Checking Possibilities of 1 in position 4 8
Checking Possibilities of 2 in position 4 8
Checking Possibilities of 3 in position 4 8
Checking Possibilities of 4 in position 4 8
Found 4 in position 4 8
Find a number position 5 1
Checking Possibilities of 1 in position 5 1
Checking Possibilities of 2 in position 5 1
Checking Possibilities of 3 in position 5 1
Checking Possibilities of 4 in position 5 1
Checking Possibilities of 5 in position 5 1
Checking Possibilities of 6 in position 5 1
Checking Possibilities of 7 in position 5 1
Checking Possibilities of 8 in position 5 1
Checking Possibilities of 9 in position 5 1
Checking Possibilities of 5 in position 4 8
Checking Possibilities of 6 in position 4 8
Checking Possibilities of 7 in position 4 8
Checking Possibilities of 8 in position 4 8
Checking Possibilities of 9 in position 4 8
Checking Possibilities of 3 in position 4 5
Checking Possibilities of 4 in position 4 5
Checking Possibilities of 5 in position 4 5
Checking Possibilities of 6 in position 4 5
Checking Possibilities of 7 in position 4 5
Checking Possibilities of 8 in position 4 5
Checking Possibilities of 9 in position 4 5
Checking Possibilities of 8 in position 4 3
Checking Possibilities of 9 in position 4 3
Checking Possibilities of 7 in position 4 1
Checking Possibilities of 8 in position 4 1
Checking Possibilities of 9 in position 4 1
Checking Possibilities of 9 in position 4 0
Checking Possibilities of 2 in position 3 8
Checking Possibilities of 3 in position 3 8
Checking Possibilities of 4 in position 3 8
Checking Possibilities of 5 in position 3 8
Checking Possibilities of 6 in position 3 8
Checking Possibilities of 7 in position 3 8
Checking Possibilities of 8 in position 3 8
Checking Possibilities of 9 in position 3 8
Checking Possibilities of 9 in position 3 5
Checking Possibilities of 4 in position 3 1
Checking Possibilities of 5 in position 3 1
Checking Possibilities of 6 in position 3 1
Checking Possibilities of 7 in position 3 1
Checking Possibilities of 8 in position 3 1
Checking Possibilities of 9 in position 3 1
Checking Possibilities of 6 in position 3 0
Checking Possibilities of 7 in position 3 0
Checking Possibilities of 8 in position 3 0
Found 8 in position 3 0
Find a number position 3 1
Checking Possibilities of 1 in position 3 1
Checking Possibilities of 2 in position 3 1
Checking Possibilities of 3 in position 3 1
Found 3 in position 3 1
Find a number position 3 3
Checking Possibilities of 1 in position 3 3
Found 1 in position 3 3
Find a number position 3 5
Checking Possibilities of 1 in position 3 5
Checking Possibilities of 2 in position 3 5
Checking Possibilities of 3 in position 3 5
Checking Possibilities of 4 in position 3 5
Checking Possibilities of 5 in position 3 5
Checking Possibilities of 6 in position 3 5
Checking Possibilities of 7 in position 3 5
Checking Possibilities of 8 in position 3 5
Checking Possibilities of 9 in position 3 5
Found 9 in position 3 5
Find a number position 3 8
Checking Possibilities of 1 in position 3 8
Checking Possibilities of 2 in position 3 8
Checking Possibilities of 3 in position 3 8
Checking Possibilities of 4 in position 3 8
Checking Possibilities of 5 in position 3 8
Checking Possibilities of 6 in position 3 8
Checking Possibilities of 7 in position 3 8
Checking Possibilities of 8 in position 3 8
Checking Possibilities of 9 in position 3 8
Checking Possibilities of 2 in position 3 3
Checking Possibilities of 3 in position 3 3
Checking Possibilities of 4 in position 3 3
Checking Possibilities of 5 in position 3 3
Checking Possibilities of 6 in position 3 3
Checking Possibilities of 7 in position 3 3
Checking Possibilities of 8 in position 3 3
Checking Possibilities of 9 in position 3 3
Found 9 in position 3 3
Find a number position 3 5
Checking Possibilities of 1 in position 3 5
Checking Possibilities of 2 in position 3 5
Checking Possibilities of 3 in position 3 5
Checking Possibilities of 4 in position 3 5
Checking Possibilities of 5 in position 3 5
Checking Possibilities of 6 in position 3 5
Checking Possibilities of 7 in position 3 5
Checking Possibilities of 8 in position 3 5
Checking Possibilities of 9 in position 3 5
Checking Possibilities of 4 in position 3 1
Checking Possibilities of 5 in position 3 1
Found 5 in position 3 1
Find a number position 3 3
Checking Possibilities of 1 in position 3 3
Found 1 in position 3 3
Find a number position 3 5
Checking Possibilities of 1 in position 3 5
Checking Possibilities of 2 in position 3 5
Checking Possibilities of 3 in position 3 5
Checking Possibilities of 4 in position 3 5
Checking Possibilities of 5 in position 3 5
Checking Possibilities of 6 in position 3 5
Checking Possibilities of 7 in position 3 5
Checking Possibilities of 8 in position 3 5
Checking Possibilities of 9 in position 3 5
Found 9 in position 3 5
Find a number position 3 8
Checking Possibilities of 1 in position 3 8
Checking Possibilities of 2 in position 3 8
Checking Possibilities of 3 in position 3 8
Checking Possibilities of 4 in position 3 8
Checking Possibilities of 5 in position 3 8
Checking Possibilities of 6 in position 3 8
Checking Possibilities of 7 in position 3 8
Checking Possibilities of 8 in position 3 8
Checking Possibilities of 9 in position 3 8
Checking Possibilities of 2 in position 3 3
Checking Possibilities of 3 in position 3 3
Checking Possibilities of 4 in position 3 3
Checking Possibilities of 5 in position 3 3
Checking Possibilities of 6 in position 3 3
Checking Possibilities of 7 in position 3 3
Checking Possibilities of 8 in position 3 3
Checking Possibilities of 9 in position 3 3
Found 9 in position 3 3
Find a number position 3 5
Checking Possibilities of 1 in position 3 5
Checking Possibilities of 2 in position 3 5
Checking Possibilities of 3 in position 3 5
Checking Possibilities of 4 in position 3 5
Checking Possibilities of 5 in position 3 5
Checking Possibilities of 6 in position 3 5
Checking Possibilities of 7 in position 3 5
Checking Possibilities of 8 in position 3 5
Checking Possibilities of 9 in position 3 5
Checking Possibilities of 6 in position 3 1
Checking Possibilities of 7 in position 3 1
Checking Possibilities of 8 in position 3 1
Checking Possibilities of 9 in position 3 1
Checking Possibilities of 9 in position 3 0
Checking Possibilities of 6 in position 2 6
Checking Possibilities of 7 in position 2 6
Checking Possibilities of 8 in position 2 6
Checking Possibilities of 9 in position 2 6
Checking Possibilities of 3 in position 2 4
Checking Possibilities of 4 in position 2 4
Checking Possibilities of 5 in position 2 4
Checking Possibilities of 6 in position 2 4
Checking Possibilities of 7 in position 2 4
Checking Possibilities of 8 in position 2 4
Checking Possibilities of 9 in position 2 4
Checking Possibilities of 4 in position 2 2
Checking Possibilities of 5 in position 2 2
Checking Possibilities of 6 in position 2 2
Checking Possibilities of 7 in position 2 2
Checking Possibilities of 8 in position 2 2
Checking Possibilities of 9 in position 2 2
Checking Possibilities of 5 in position 2 0
Checking Possibilities of 6 in position 2 0
Checking Possibilities of 7 in position 2 0
Checking Possibilities of 8 in position 2 0
Checking Possibilities of 9 in position 2 0
Checking Possibilities of 5 in position 1 7
Checking Possibilities of 6 in position 1 7
Checking Possibilities of 7 in position 1 7
Checking Possibilities of 8 in position 1 7
Checking Possibilities of 9 in position 1 7
Checking Possibilities of 4 in position 1 6
Checking Possibilities of 5 in position 1 6
Checking Possibilities of 6 in position 1 6
Checking Possibilities of 7 in position 1 6
Checking Possibilities of 8 in position 1 6
Checking Possibilities of 9 in position 1 6
Checking Possibilities of 9 in position 1 3
Checking Possibilities of 3 in position 1 2
Found 3 in position 1 2
Find a number position 1 3
Checking Possibilities of 1 in position 1 3
Checking Possibilities of 2 in position 1 3
Checking Possibilities of 3 in position 1 3
Checking Possibilities of 4 in position 1 3
Checking Possibilities of 5 in position 1 3
Checking Possibilities of 6 in position 1 3
Checking Possibilities of 7 in position 1 3
Checking Possibilities of 8 in position 1 3
Found 8 in position 1 3
Find a number position 1 6
Checking Possibilities of 1 in position 1 6
Checking Possibilities of 2 in position 1 6
Checking Possibilities of 3 in position 1 6
Checking Possibilities of 4 in position 1 6
Checking Possibilities of 5 in position 1 6
Checking Possibilities of 6 in position 1 6
Checking Possibilities of 7 in position 1 6
Checking Possibilities of 8 in position 1 6
Checking Possibilities of 9 in position 1 6
Checking Possibilities of 9 in position 1 3
Checking Possibilities of 4 in position 1 2
Checking Possibilities of 5 in position 1 2
Checking Possibilities of 6 in position 1 2
Checking Possibilities of 7 in position 1 2
Checking Possibilities of 8 in position 1 2
Checking Possibilities of 9 in position 1 2
Checking Possibilities of 2 in position 1 1
Checking Possibilities of 3 in position 1 1
Found 3 in position 1 1
Find a number position 1 2
Checking Possibilities of 1 in position 1 2
Checking Possibilities of 2 in position 1 2
Found 2 in position 1 2
Find a number position 1 3
Checking Possibilities of 1 in position 1 3
Checking Possibilities of 2 in position 1 3
Checking Possibilities of 3 in position 1 3
Checking Possibilities of 4 in position 1 3
Checking Possibilities of 5 in position 1 3
Checking Possibilities of 6 in position 1 3
Checking Possibilities of 7 in position 1 3
Checking Possibilities of 8 in position 1 3
Found 8 in position 1 3
Find a number position 1 6
Checking Possibilities of 1 in position 1 6
Checking Possibilities of 2 in position 1 6
Checking Possibilities of 3 in position 1 6
Checking Possibilities of 4 in position 1 6
Checking Possibilities of 5 in position 1 6
Checking Possibilities of 6 in position 1 6
Checking Possibilities of 7 in position 1 6
Checking Possibilities of 8 in position 1 6
Checking Possibilities of 9 in position 1 6
Checking Possibilities of 9 in position 1 3
Checking Possibilities of 3 in position 1 2
Checking Possibilities of 4 in position 1 2
Checking Possibilities of 5 in position 1 2
Checking Possibilities of 6 in position 1 2
Checking Possibilities of 7 in position 1 2
Checking Possibilities of 8 in position 1 2
Checking Possibilities of 9 in position 1 2
Checking Possibilities of 4 in position 1 1
Checking Possibilities of 5 in position 1 1
Checking Possibilities of 6 in position 1 1
Checking Possibilities of 7 in position 1 1
Checking Possibilities of 8 in position 1 1
Checking Possibilities of 9 in position 1 1
Checking Possibilities of 7 in position 0 8
Checking Possibilities of 8 in position 0 8
Checking Possibilities of 9 in position 0 8
Checking Possibilities of 4 in position 0 5
Checking Possibilities of 5 in position 0 5
Checking Possibilities of 6 in position 0 5
Checking Possibilities of 7 in position 0 5
Checking Possibilities of 8 in position 0 5
Checking Possibilities of 9 in position 0 5
Checking Possibilities of 6 in position 0 2
Checking Possibilities of 7 in position 0 2
Checking Possibilities of 8 in position 0 2
Checking Possibilities of 9 in position 0 2
False
